0 info it worked if it ends with ok
1 verbose cli [ '/usr/bin/node',
1 verbose cli   '/usr/bin/npm',
1 verbose cli   'install',
1 verbose cli   '--save',
1 verbose cli   'express-handlebars@~0.5.0' ]
2 info using npm@3.10.10
3 info using node@v6.11.3
4 silly loadCurrentTree Starting
5 silly install loadCurrentTree
6 silly install readLocalPackageData
7 silly fetchPackageMetaData express-handlebars@~0.5.0
8 silly fetchNamedPackageData express-handlebars
9 silly mapToRegistry name express-handlebars
10 silly mapToRegistry using default registry
11 silly mapToRegistry registry https://registry.npmjs.org/
12 silly mapToRegistry data Result {
12 silly mapToRegistry   raw: 'express-handlebars',
12 silly mapToRegistry   scope: null,
12 silly mapToRegistry   escapedName: 'express-handlebars',
12 silly mapToRegistry   name: 'express-handlebars',
12 silly mapToRegistry   rawSpec: '',
12 silly mapToRegistry   spec: 'latest',
12 silly mapToRegistry   type: 'tag' }
13 silly mapToRegistry uri https://registry.npmjs.org/express-handlebars
14 verbose request uri https://registry.npmjs.org/express-handlebars
15 verbose request no auth needed
16 info attempt registry request try #1 at 22:56:04
17 verbose request id 4c2b8d12262e6391
18 verbose etag W/"59d2d4a8-b283"
19 verbose lastModified Tue, 03 Oct 2017 00:07:04 GMT
20 http request GET https://registry.npmjs.org/express-handlebars
21 http 304 https://registry.npmjs.org/express-handlebars
22 verbose headers { date: 'Wed, 11 Oct 2017 14:56:06 GMT',
22 verbose headers   via: '1.1 varnish',
22 verbose headers   'cache-control': 'max-age=300',
22 verbose headers   etag: 'W/"59d2d4a8-b283"',
22 verbose headers   age: '32',
22 verbose headers   connection: 'keep-alive',
22 verbose headers   'x-served-by': 'cache-hkg17921-HKG',
22 verbose headers   'x-cache': 'HIT',
22 verbose headers   'x-cache-hits': '1',
22 verbose headers   'x-timer': 'S1507733766.018222,VS0,VE0',
22 verbose headers   vary: 'Accept-Encoding, Accept' }
23 silly get cb [ 304,
23 silly get   { date: 'Wed, 11 Oct 2017 14:56:06 GMT',
23 silly get     via: '1.1 varnish',
23 silly get     'cache-control': 'max-age=300',
23 silly get     etag: 'W/"59d2d4a8-b283"',
23 silly get     age: '32',
23 silly get     connection: 'keep-alive',
23 silly get     'x-served-by': 'cache-hkg17921-HKG',
23 silly get     'x-cache': 'HIT',
23 silly get     'x-cache-hits': '1',
23 silly get     'x-timer': 'S1507733766.018222,VS0,VE0',
23 silly get     vary: 'Accept-Encoding, Accept' } ]
24 verbose etag https://registry.npmjs.org/express-handlebars from cache
25 verbose get saving express-handlebars to /home/lin/.npm/registry.npmjs.org/express-handlebars/.cache.json
26 verbose correctMkdir /home/lin/.npm correctMkdir not in flight; initializing
27 silly fetchNamedPackageData No valid target from cache, forcing network
28 verbose request uri https://registry.npmjs.org/express-handlebars
29 verbose request no auth needed
30 info attempt registry request try #1 at 22:56:06
31 http request GET https://registry.npmjs.org/express-handlebars
32 http 200 https://registry.npmjs.org/express-handlebars
33 verbose headers { server: 'nginx/1.10.1',
33 verbose headers   'content-type': 'application/json',
33 verbose headers   'last-modified': 'Tue, 03 Oct 2017 00:07:04 GMT',
33 verbose headers   etag: 'W/"59d2d4a8-b283"',
33 verbose headers   'content-encoding': 'gzip',
33 verbose headers   'cache-control': 'max-age=300',
33 verbose headers   'content-length': '10230',
33 verbose headers   'accept-ranges': 'bytes',
33 verbose headers   date: 'Wed, 11 Oct 2017 14:56:06 GMT',
33 verbose headers   via: '1.1 varnish',
33 verbose headers   age: '32',
33 verbose headers   connection: 'keep-alive',
33 verbose headers   'x-served-by': 'cache-hkg17921-HKG',
33 verbose headers   'x-cache': 'HIT',
33 verbose headers   'x-cache-hits': '2',
33 verbose headers   'x-timer': 'S1507733766.221029,VS0,VE0',
33 verbose headers   vary: 'Accept-Encoding, Accept' }
34 silly get cb [ 200,
34 silly get   { server: 'nginx/1.10.1',
34 silly get     'content-type': 'application/json',
34 silly get     'last-modified': 'Tue, 03 Oct 2017 00:07:04 GMT',
34 silly get     etag: 'W/"59d2d4a8-b283"',
34 silly get     'content-encoding': 'gzip',
34 silly get     'cache-control': 'max-age=300',
34 silly get     'content-length': '10230',
34 silly get     'accept-ranges': 'bytes',
34 silly get     date: 'Wed, 11 Oct 2017 14:56:06 GMT',
34 silly get     via: '1.1 varnish',
34 silly get     age: '32',
34 silly get     connection: 'keep-alive',
34 silly get     'x-served-by': 'cache-hkg17921-HKG',
34 silly get     'x-cache': 'HIT',
34 silly get     'x-cache-hits': '2',
34 silly get     'x-timer': 'S1507733766.221029,VS0,VE0',
34 silly get     vary: 'Accept-Encoding, Accept' } ]
35 verbose get saving express-handlebars to /home/lin/.npm/registry.npmjs.org/express-handlebars/.cache.json
36 verbose correctMkdir /home/lin/.npm correctMkdir not in flight; initializing
37 silly fetchPackageMetaData Error: No compatible version found: express-handlebars@~0.5.0
37 silly fetchPackageMetaData Valid install targets:
37 silly fetchPackageMetaData 3.0.0, 2.0.1, 2.0.0, 1.2.2, 1.2.1, 1.2.0, 1.1.0, 1.0.3, 1.0.2, 1.0.1, 1.0.0, 1.0.0-rc-2, 1.0.0-rc-1, 0.0.2, 0.0.1
37 silly fetchPackageMetaData
37 silly fetchPackageMetaData     at pickVersionFromRegistryDocument (/usr/lib/node_modules/npm/lib/fetch-package-metadata.js:178:16)
37 silly fetchPackageMetaData     at /usr/lib/node_modules/npm/node_modules/iferr/index.js:13:50
37 silly fetchPackageMetaData     at /usr/lib/node_modules/npm/lib/utils/pulse-till-done.js:20:8
37 silly fetchPackageMetaData     at saved (/usr/lib/node_modules/npm/lib/cache/caching-client.js:174:7)
37 silly fetchPackageMetaData     at /usr/lib/node_modules/npm/node_modules/graceful-fs/polyfills.js:241:18
37 silly fetchPackageMetaData     at FSReqWrap.oncomplete (fs.js:123:15)
37 silly fetchPackageMetaData  error for express-handlebars@~0.5.0 { Error: No compatible version found: express-handlebars@~0.5.0
37 silly fetchPackageMetaData Valid install targets:
37 silly fetchPackageMetaData 3.0.0, 2.0.1, 2.0.0, 1.2.2, 1.2.1, 1.2.0, 1.1.0, 1.0.3, 1.0.2, 1.0.1, 1.0.0, 1.0.0-rc-2, 1.0.0-rc-1, 0.0.2, 0.0.1
37 silly fetchPackageMetaData
37 silly fetchPackageMetaData     at pickVersionFromRegistryDocument (/usr/lib/node_modules/npm/lib/fetch-package-metadata.js:178:16)
37 silly fetchPackageMetaData     at /usr/lib/node_modules/npm/node_modules/iferr/index.js:13:50
37 silly fetchPackageMetaData     at /usr/lib/node_modules/npm/lib/utils/pulse-till-done.js:20:8
37 silly fetchPackageMetaData     at saved (/usr/lib/node_modules/npm/lib/cache/caching-client.js:174:7)
37 silly fetchPackageMetaData     at /usr/lib/node_modules/npm/node_modules/graceful-fs/polyfills.js:241:18
37 silly fetchPackageMetaData     at FSReqWrap.oncomplete (fs.js:123:15) code: 'ETARGET' }
38 silly rollbackFailedOptional Starting
39 silly rollbackFailedOptional Finishing
40 silly runTopLevelLifecycles Finishing
41 silly install printInstalled
42 verbose stack Error: No compatible version found: express-handlebars@~0.5.0
42 verbose stack Valid install targets:
42 verbose stack 3.0.0, 2.0.1, 2.0.0, 1.2.2, 1.2.1, 1.2.0, 1.1.0, 1.0.3, 1.0.2, 1.0.1, 1.0.0, 1.0.0-rc-2, 1.0.0-rc-1, 0.0.2, 0.0.1
42 verbose stack
42 verbose stack     at pickVersionFromRegistryDocument (/usr/lib/node_modules/npm/lib/fetch-package-metadata.js:178:16)
42 verbose stack     at /usr/lib/node_modules/npm/node_modules/iferr/index.js:13:50
42 verbose stack     at /usr/lib/node_modules/npm/lib/utils/pulse-till-done.js:20:8
42 verbose stack     at saved (/usr/lib/node_modules/npm/lib/cache/caching-client.js:174:7)
42 verbose stack     at /usr/lib/node_modules/npm/node_modules/graceful-fs/polyfills.js:241:18
42 verbose stack     at FSReqWrap.oncomplete (fs.js:123:15)
43 verbose cwd /home/lin/WorkSpace/10web-development-with-node-and-express/ch09
44 error Linux 4.10.0-35-generic
45 error argv "/usr/bin/node" "/usr/bin/npm" "install" "--save" "express-handlebars@~0.5.0"
46 error node v6.11.3
47 error npm  v3.10.10
48 error code ETARGET
49 error notarget No compatible version found: express-handlebars@~0.5.0
49 error notarget Valid install targets:
49 error notarget 3.0.0, 2.0.1, 2.0.0, 1.2.2, 1.2.1, 1.2.0, 1.1.0, 1.0.3, 1.0.2, 1.0.1, 1.0.0, 1.0.0-rc-2, 1.0.0-rc-1, 0.0.2, 0.0.1
50 error notarget This is most likely not a problem with npm itself.
50 error notarget In most cases you or one of your dependencies are requesting
50 error notarget a package version that doesn't exist.
51 verbose exit [ 1, true ]
