0 info it worked if it ends with ok
1 verbose cli [ '/usr/bin/node', '/usr/bin/npm', 'install' ]
2 info using npm@3.10.10
3 info using node@v6.11.3
4 silly loadCurrentTree Starting
5 silly install loadCurrentTree
6 silly install readLocalPackageData
7 silly install normalizeTree
8 silly loadCurrentTree Finishing
9 silly loadIdealTree Starting
10 silly install loadIdealTree
11 silly cloneCurrentTree Starting
12 silly install cloneCurrentTreeToIdealTree
13 silly cloneCurrentTree Finishing
14 silly loadShrinkwrap Starting
15 silly install loadShrinkwrap
16 silly loadShrinkwrap Finishing
17 silly loadAllDepsIntoIdealTree Starting
18 silly install loadAllDepsIntoIdealTree
19 silly fetchNamedPackageData express
20 silly mapToRegistry name express
21 silly mapToRegistry using default registry
22 silly mapToRegistry registry https://registry.npmjs.org/
23 silly mapToRegistry data Result {
23 silly mapToRegistry   raw: 'express',
23 silly mapToRegistry   scope: null,
23 silly mapToRegistry   escapedName: 'express',
23 silly mapToRegistry   name: 'express',
23 silly mapToRegistry   rawSpec: '',
23 silly mapToRegistry   spec: 'latest',
23 silly mapToRegistry   type: 'tag' }
24 silly mapToRegistry uri https://registry.npmjs.org/express
25 silly fetchNamedPackageData express-handlebars
26 silly mapToRegistry name express-handlebars
27 silly mapToRegistry using default registry
28 silly mapToRegistry registry https://registry.npmjs.org/
29 silly mapToRegistry data Result {
29 silly mapToRegistry   raw: 'express-handlebars',
29 silly mapToRegistry   scope: null,
29 silly mapToRegistry   escapedName: 'express-handlebars',
29 silly mapToRegistry   name: 'express-handlebars',
29 silly mapToRegistry   rawSpec: '',
29 silly mapToRegistry   spec: 'latest',
29 silly mapToRegistry   type: 'tag' }
30 silly mapToRegistry uri https://registry.npmjs.org/express-handlebars
31 silly fetchNamedPackageData chai
32 silly mapToRegistry name chai
33 silly mapToRegistry using default registry
34 silly mapToRegistry registry https://registry.npmjs.org/
35 silly mapToRegistry data Result {
35 silly mapToRegistry   raw: 'chai',
35 silly mapToRegistry   scope: null,
35 silly mapToRegistry   escapedName: 'chai',
35 silly mapToRegistry   name: 'chai',
35 silly mapToRegistry   rawSpec: '',
35 silly mapToRegistry   spec: 'latest',
35 silly mapToRegistry   type: 'tag' }
36 silly mapToRegistry uri https://registry.npmjs.org/chai
37 verbose request uri https://registry.npmjs.org/express-handlebars
38 verbose request no auth needed
39 info attempt registry request try #1 at 21:16:27
40 verbose request id 8cd88cf4c6ba14d6
41 http request GET https://registry.npmjs.org/express-handlebars
42 verbose request uri https://registry.npmjs.org/express
43 verbose request no auth needed
44 info attempt registry request try #1 at 21:16:27
45 verbose etag W/"59d7e856-925c9"
46 verbose lastModified Fri, 06 Oct 2017 20:32:22 GMT
47 http request GET https://registry.npmjs.org/express
48 verbose request uri https://registry.npmjs.org/chai
49 verbose request no auth needed
50 info attempt registry request try #1 at 21:16:27
51 verbose etag W/"59d454b3-1a05f"
52 verbose lastModified Wed, 04 Oct 2017 03:25:39 GMT
53 http request GET https://registry.npmjs.org/chai
54 http 304 https://registry.npmjs.org/chai
55 verbose headers { date: 'Sat, 07 Oct 2017 13:16:27 GMT',
55 verbose headers   via: '1.1 varnish',
55 verbose headers   'cache-control': 'max-age=300',
55 verbose headers   etag: 'W/"59d454b3-1a05f"',
55 verbose headers   age: '160',
55 verbose headers   connection: 'keep-alive',
55 verbose headers   'x-served-by': 'cache-hkg17924-HKG',
55 verbose headers   'x-cache': 'HIT',
55 verbose headers   'x-cache-hits': '1',
55 verbose headers   'x-timer': 'S1507382188.851509,VS0,VE0',
55 verbose headers   vary: 'Accept-Encoding, Accept' }
56 silly get cb [ 304,
56 silly get   { date: 'Sat, 07 Oct 2017 13:16:27 GMT',
56 silly get     via: '1.1 varnish',
56 silly get     'cache-control': 'max-age=300',
56 silly get     etag: 'W/"59d454b3-1a05f"',
56 silly get     age: '160',
56 silly get     connection: 'keep-alive',
56 silly get     'x-served-by': 'cache-hkg17924-HKG',
56 silly get     'x-cache': 'HIT',
56 silly get     'x-cache-hits': '1',
56 silly get     'x-timer': 'S1507382188.851509,VS0,VE0',
56 silly get     vary: 'Accept-Encoding, Accept' } ]
57 verbose etag https://registry.npmjs.org/chai from cache
58 verbose get saving chai to /root/.npm/registry.npmjs.org/chai/.cache.json
59 verbose correctMkdir /root/.npm correctMkdir not in flight; initializing
60 http 304 https://registry.npmjs.org/express
61 verbose headers { date: 'Sat, 07 Oct 2017 13:16:27 GMT',
61 verbose headers   via: '1.1 varnish',
61 verbose headers   'cache-control': 'max-age=300',
61 verbose headers   etag: 'W/"59d7e856-925c9"',
61 verbose headers   age: '290',
61 verbose headers   connection: 'keep-alive',
61 verbose headers   'x-served-by': 'cache-hkg17929-HKG',
61 verbose headers   'x-cache': 'HIT',
61 verbose headers   'x-cache-hits': '2',
61 verbose headers   'x-timer': 'S1507382188.864432,VS0,VE0',
61 verbose headers   vary: 'Accept-Encoding, Accept' }
62 silly get cb [ 304,
62 silly get   { date: 'Sat, 07 Oct 2017 13:16:27 GMT',
62 silly get     via: '1.1 varnish',
62 silly get     'cache-control': 'max-age=300',
62 silly get     etag: 'W/"59d7e856-925c9"',
62 silly get     age: '290',
62 silly get     connection: 'keep-alive',
62 silly get     'x-served-by': 'cache-hkg17929-HKG',
62 silly get     'x-cache': 'HIT',
62 silly get     'x-cache-hits': '2',
62 silly get     'x-timer': 'S1507382188.864432,VS0,VE0',
62 silly get     vary: 'Accept-Encoding, Accept' } ]
63 verbose etag https://registry.npmjs.org/express from cache
64 verbose get saving express to /root/.npm/registry.npmjs.org/express/.cache.json
65 verbose correctMkdir /root/.npm correctMkdir already in flight; waiting
66 silly resolveWithNewModule chai@1.9.2 checking installable status
67 silly cache add args [ 'chai@~1.9.1', null ]
68 verbose cache add spec chai@~1.9.1
69 silly cache add parsed spec Result {
69 silly cache add   raw: 'chai@~1.9.1',
69 silly cache add   scope: null,
69 silly cache add   escapedName: 'chai',
69 silly cache add   name: 'chai',
69 silly cache add   rawSpec: '~1.9.1',
69 silly cache add   spec: '>=1.9.1 <1.10.0',
69 silly cache add   type: 'range' }
70 silly addNamed chai@>=1.9.1 <1.10.0
71 verbose addNamed ">=1.9.1 <1.10.0" is a valid semver range for chai
72 silly addNameRange { name: 'chai', range: '>=1.9.1 <1.10.0', hasData: false }
73 silly mapToRegistry name chai
74 silly mapToRegistry using default registry
75 silly mapToRegistry registry https://registry.npmjs.org/
76 silly mapToRegistry data Result {
76 silly mapToRegistry   raw: 'chai',
76 silly mapToRegistry   scope: null,
76 silly mapToRegistry   escapedName: 'chai',
76 silly mapToRegistry   name: 'chai',
76 silly mapToRegistry   rawSpec: '',
76 silly mapToRegistry   spec: 'latest',
76 silly mapToRegistry   type: 'tag' }
77 silly mapToRegistry uri https://registry.npmjs.org/chai
78 verbose addNameRange registry:https://registry.npmjs.org/chai not in flight; fetching
79 silly resolveWithNewModule express@4.4.5 checking installable status
80 silly cache add args [ 'express@~4.4.2', null ]
81 verbose cache add spec express@~4.4.2
82 silly cache add parsed spec Result {
82 silly cache add   raw: 'express@~4.4.2',
82 silly cache add   scope: null,
82 silly cache add   escapedName: 'express',
82 silly cache add   name: 'express',
82 silly cache add   rawSpec: '~4.4.2',
82 silly cache add   spec: '>=4.4.2 <4.5.0',
82 silly cache add   type: 'range' }
83 silly addNamed express@>=4.4.2 <4.5.0
84 verbose addNamed ">=4.4.2 <4.5.0" is a valid semver range for express
85 silly addNameRange { name: 'express', range: '>=4.4.2 <4.5.0', hasData: false }
86 silly mapToRegistry name express
87 silly mapToRegistry using default registry
88 silly mapToRegistry registry https://registry.npmjs.org/
89 silly mapToRegistry data Result {
89 silly mapToRegistry   raw: 'express',
89 silly mapToRegistry   scope: null,
89 silly mapToRegistry   escapedName: 'express',
89 silly mapToRegistry   name: 'express',
89 silly mapToRegistry   rawSpec: '',
89 silly mapToRegistry   spec: 'latest',
89 silly mapToRegistry   type: 'tag' }
90 silly mapToRegistry uri https://registry.npmjs.org/express
91 verbose addNameRange registry:https://registry.npmjs.org/express not in flight; fetching
92 verbose get https://registry.npmjs.org/chai not expired, no request
93 silly addNameRange number 2 { name: 'chai', range: '>=1.9.1 <1.10.0', hasData: true }
94 silly addNameRange versions [ 'chai',
94 silly addNameRange   [ '0.0.1',
94 silly addNameRange     '0.0.2',
94 silly addNameRange     '0.1.0',
94 silly addNameRange     '0.1.1',
94 silly addNameRange     '0.1.2',
94 silly addNameRange     '0.1.3',
94 silly addNameRange     '0.1.4',
94 silly addNameRange     '0.1.5',
94 silly addNameRange     '0.1.6',
94 silly addNameRange     '0.1.7',
94 silly addNameRange     '0.2.0',
94 silly addNameRange     '0.2.1',
94 silly addNameRange     '0.2.2',
94 silly addNameRange     '0.2.3',
94 silly addNameRange     '0.2.4',
94 silly addNameRange     '0.3.0',
94 silly addNameRange     '0.3.1',
94 silly addNameRange     '0.3.2',
94 silly addNameRange     '0.3.3',
94 silly addNameRange     '0.3.4',
94 silly addNameRange     '0.4.0',
94 silly addNameRange     '0.4.1',
94 silly addNameRange     '0.4.2',
94 silly addNameRange     '0.5.0',
94 silly addNameRange     '0.5.1',
94 silly addNameRange     '0.5.2',
94 silly addNameRange     '0.5.3',
94 silly addNameRange     '1.0.0',
94 silly addNameRange     '1.0.1',
94 silly addNameRange     '1.0.2',
94 silly addNameRange     '1.0.3',
94 silly addNameRange     '1.0.4',
94 silly addNameRange     '1.1.0',
94 silly addNameRange     '1.1.1',
94 silly addNameRange     '1.2.0',
94 silly addNameRange     '1.3.0',
94 silly addNameRange     '1.4.0',
94 silly addNameRange     '1.4.1',
94 silly addNameRange     '1.4.2',
94 silly addNameRange     '1.5.0',
94 silly addNameRange     '1.6.0',
94 silly addNameRange     '1.6.1',
94 silly addNameRange     '1.7.0',
94 silly addNameRange     '1.7.1',
94 silly addNameRange     '1.7.2',
94 silly addNameRange     '1.8.0',
94 silly addNameRange     '1.8.1',
94 silly addNameRange     '1.9.0',
94 silly addNameRange     '1.9.1',
94 silly addNameRange     '1.9.2',
94 silly addNameRange     '1.10.0',
94 silly addNameRange     '2.0.0',
94 silly addNameRange     '2.1.0',
94 silly addNameRange     '2.1.1',
94 silly addNameRange     '2.1.2',
94 silly addNameRange     '2.2.0',
94 silly addNameRange     '2.3.0',
94 silly addNameRange     '3.0.0',
94 silly addNameRange     '3.1.0',
94 silly addNameRange     '3.2.0',
94 silly addNameRange     '3.3.0',
94 silly addNameRange     '3.4.0',
94 silly addNameRange     '3.4.1',
94 silly addNameRange     '3.5.0',
94 silly addNameRange     '4.0.0-canary.1',
94 silly addNameRange     '4.0.0-canary.2',
94 silly addNameRange     '4.0.0',
94 silly addNameRange     '4.0.1',
94 silly addNameRange     '4.0.2',
94 silly addNameRange     '4.1.0',
94 silly addNameRange     '4.1.1',
94 silly addNameRange     '4.1.2' ] ]
95 silly addNamed chai@1.9.2
96 verbose addNamed "1.9.2" is a plain semver version for chai
97 verbose get https://registry.npmjs.org/express not expired, no request
98 silly addNameRange number 2 { name: 'express', range: '>=4.4.2 <4.5.0', hasData: true }
99 silly addNameRange versions [ 'express',
99 silly addNameRange   [ '0.14.0',
99 silly addNameRange     '0.14.1',
99 silly addNameRange     '1.0.0',
99 silly addNameRange     '1.0.1',
99 silly addNameRange     '1.0.2',
99 silly addNameRange     '1.0.3',
99 silly addNameRange     '1.0.4',
99 silly addNameRange     '1.0.5',
99 silly addNameRange     '1.0.6',
99 silly addNameRange     '1.0.7',
99 silly addNameRange     '1.0.8',
99 silly addNameRange     '2.0.0',
99 silly addNameRange     '2.1.0',
99 silly addNameRange     '2.1.1',
99 silly addNameRange     '2.2.0',
99 silly addNameRange     '2.2.1',
99 silly addNameRange     '2.2.2',
99 silly addNameRange     '2.3.0',
99 silly addNameRange     '2.3.1',
99 silly addNameRange     '2.3.2',
99 silly addNameRange     '2.3.3',
99 silly addNameRange     '2.3.4',
99 silly addNameRange     '2.3.5',
99 silly addNameRange     '2.3.6',
99 silly addNameRange     '2.3.7',
99 silly addNameRange     '2.3.8',
99 silly addNameRange     '2.3.9',
99 silly addNameRange     '2.3.10',
99 silly addNameRange     '2.3.11',
99 silly addNameRange     '2.3.12',
99 silly addNameRange     '2.4.0',
99 silly addNameRange     '2.4.1',
99 silly addNameRange     '2.4.2',
99 silly addNameRange     '2.4.3',
99 silly addNameRange     '2.4.4',
99 silly addNameRange     '2.4.5',
99 silly addNameRange     '2.4.6',
99 silly addNameRange     '2.4.7',
99 silly addNameRange     '2.5.0',
99 silly addNameRange     '2.5.1',
99 silly addNameRange     '2.5.2',
99 silly addNameRange     '2.5.3',
99 silly addNameRange     '2.5.4',
99 silly addNameRange     '2.5.5',
99 silly addNameRange     '2.5.6',
99 silly addNameRange     '2.5.7',
99 silly addNameRange     '2.5.8',
99 silly addNameRange     '2.5.9',
99 silly addNameRange     '2.5.10',
99 silly addNameRange     '2.5.11',
99 silly addNameRange     '3.0.0',
99 silly addNameRange     '3.0.1',
99 silly addNameRange     '3.0.2',
99 silly addNameRange     '3.0.3',
99 silly addNameRange     '3.0.4',
99 silly addNameRange     '3.0.5',
99 silly addNameRange     '3.0.6',
99 silly addNameRange     '3.1.0',
99 silly addNameRange     '3.1.1',
99 silly addNameRange     '3.1.2',
99 silly addNameRange     '3.2.0',
99 silly addNameRange     '3.2.1',
99 silly addNameRange     '3.2.2',
99 silly addNameRange     '3.2.3',
99 silly addNameRange     '3.2.4',
99 silly addNameRange     '3.2.5',
99 silly addNameRange     '3.2.6',
99 silly addNameRange     '3.3.0',
99 silly addNameRange     '3.3.1',
99 silly addNameRange     '3.3.2',
99 silly addNameRange     '3.3.3',
99 silly addNameRange     '3.3.4',
99 silly addNameRange     '3.3.5',
99 silly addNameRange     '3.3.6',
99 silly addNameRange     '1.0.0-beta',
99 silly addNameRange     '1.0.0-beta2',
99 silly addNameRange     '1.0.0-rc',
99 silly addNameRange     '1.0.0-rc2',
99 silly addNameRange     '1.0.0-rc3',
99 silly addNameRange     '1.0.0-rc4',
99 silly addNameRange     '2.0.0-beta',
99 silly addNameRange     '2.0.0-beta2',
99 silly addNameRange     '2.0.0-beta3',
99 silly addNameRange     '2.0.0-rc',
99 silly addNameRange     '2.0.0-rc2',
99 silly addNameRange     '2.0.0-rc3',
99 silly addNameRange     '3.0.0-alpha1',
99 silly addNameRange     '3.0.0-alpha2',
99 silly addNameRange     '3.0.0-alpha3',
99 silly addNameRange     '3.0.0-alpha4',
99 silly addNameRange     '3.0.0-alpha5',
99 silly addNameRange     '3.0.0-beta1',
99 silly addNameRange     '3.0.0-beta2',
99 silly addNameRange     '3.0.0-beta3',
99 silly addNameRange     '3.0.0-beta4',
99 silly addNameRange     '3.0.0-beta6',
99 silly addNameRange     '3.0.0-beta7',
99 silly addNameRange     '3.0.0-rc1',
99 silly addNameRange     '3.0.0-rc2',
99 silly addNameRange     '3.0.0-rc3',
99 silly addNameRange     ... 157 more items ] ]
100 silly addNamed express@4.4.5
101 verbose addNamed "4.4.5" is a plain semver version for express
102 silly mapToRegistry name chai
103 silly mapToRegistry using default registry
104 silly mapToRegistry registry https://registry.npmjs.org/
105 silly mapToRegistry data Result {
105 silly mapToRegistry   raw: 'chai',
105 silly mapToRegistry   scope: null,
105 silly mapToRegistry   escapedName: 'chai',
105 silly mapToRegistry   name: 'chai',
105 silly mapToRegistry   rawSpec: '',
105 silly mapToRegistry   spec: 'latest',
105 silly mapToRegistry   type: 'tag' }
106 silly mapToRegistry uri https://registry.npmjs.org/chai
107 verbose addRemoteTarball https://registry.npmjs.org/chai/-/chai-1.9.2.tgz not in flight; adding
108 verbose addRemoteTarball [ 'https://registry.npmjs.org/chai/-/chai-1.9.2.tgz',
108 verbose addRemoteTarball   '3f1a20f82b0b9d7437577d24d6f12b1a69d3b590' ]
109 silly mapToRegistry name express
110 silly mapToRegistry using default registry
111 silly mapToRegistry registry https://registry.npmjs.org/
112 silly mapToRegistry data Result {
112 silly mapToRegistry   raw: 'express',
112 silly mapToRegistry   scope: null,
112 silly mapToRegistry   escapedName: 'express',
112 silly mapToRegistry   name: 'express',
112 silly mapToRegistry   rawSpec: '',
112 silly mapToRegistry   spec: 'latest',
112 silly mapToRegistry   type: 'tag' }
113 silly mapToRegistry uri https://registry.npmjs.org/express
114 verbose addRemoteTarball https://registry.npmjs.org/express/-/express-4.4.5.tgz not in flight; adding
115 verbose addRemoteTarball [ 'https://registry.npmjs.org/express/-/express-4.4.5.tgz',
115 verbose addRemoteTarball   '5f2f302f277187abd721c3a36e44d86c5e3f03eb' ]
116 info retry fetch attempt 1 at 21:16:28
117 info attempt registry request try #1 at 21:16:28
118 http fetch GET https://registry.npmjs.org/chai/-/chai-1.9.2.tgz
119 info retry fetch attempt 1 at 21:16:28
120 info attempt registry request try #1 at 21:16:28
121 http fetch GET https://registry.npmjs.org/express/-/express-4.4.5.tgz
122 http 200 https://registry.npmjs.org/express-handlebars
123 verbose headers { server: 'nginx/1.10.1',
123 verbose headers   'content-type': 'application/json',
123 verbose headers   'last-modified': 'Tue, 03 Oct 2017 00:07:04 GMT',
123 verbose headers   etag: 'W/"59d2d4a8-b283"',
123 verbose headers   'content-encoding': 'gzip',
123 verbose headers   'cache-control': 'max-age=300',
123 verbose headers   'content-length': '10230',
123 verbose headers   'accept-ranges': 'bytes',
123 verbose headers   date: 'Sat, 07 Oct 2017 13:16:28 GMT',
123 verbose headers   via: '1.1 varnish',
123 verbose headers   age: '0',
123 verbose headers   connection: 'keep-alive',
123 verbose headers   'x-served-by': 'cache-hkg17935-HKG',
123 verbose headers   'x-cache': 'HIT',
123 verbose headers   'x-cache-hits': '1',
123 verbose headers   'x-timer': 'S1507382188.851193,VS0,VE183',
123 verbose headers   vary: 'Accept-Encoding, Accept' }
124 silly get cb [ 200,
124 silly get   { server: 'nginx/1.10.1',
124 silly get     'content-type': 'application/json',
124 silly get     'last-modified': 'Tue, 03 Oct 2017 00:07:04 GMT',
124 silly get     etag: 'W/"59d2d4a8-b283"',
124 silly get     'content-encoding': 'gzip',
124 silly get     'cache-control': 'max-age=300',
124 silly get     'content-length': '10230',
124 silly get     'accept-ranges': 'bytes',
124 silly get     date: 'Sat, 07 Oct 2017 13:16:28 GMT',
124 silly get     via: '1.1 varnish',
124 silly get     age: '0',
124 silly get     connection: 'keep-alive',
124 silly get     'x-served-by': 'cache-hkg17935-HKG',
124 silly get     'x-cache': 'HIT',
124 silly get     'x-cache-hits': '1',
124 silly get     'x-timer': 'S1507382188.851193,VS0,VE183',
124 silly get     vary: 'Accept-Encoding, Accept' } ]
125 verbose get saving express-handlebars to /root/.npm/registry.npmjs.org/express-handlebars/.cache.json
126 verbose correctMkdir /root/.npm correctMkdir not in flight; initializing
127 silly fetchPackageMetaData Error: No compatible version found: express-handlebars@~0.5.0
127 silly fetchPackageMetaData Valid install targets:
127 silly fetchPackageMetaData 3.0.0, 2.0.1, 2.0.0, 1.2.2, 1.2.1, 1.2.0, 1.1.0, 1.0.3, 1.0.2, 1.0.1, 1.0.0, 1.0.0-rc-2, 1.0.0-rc-1, 0.0.2, 0.0.1
127 silly fetchPackageMetaData
127 silly fetchPackageMetaData     at pickVersionFromRegistryDocument (/usr/lib/node_modules/npm/lib/fetch-package-metadata.js:178:16)
127 silly fetchPackageMetaData     at /usr/lib/node_modules/npm/node_modules/iferr/index.js:13:50
127 silly fetchPackageMetaData     at /usr/lib/node_modules/npm/lib/utils/pulse-till-done.js:20:8
127 silly fetchPackageMetaData     at saved (/usr/lib/node_modules/npm/lib/cache/caching-client.js:174:7)
127 silly fetchPackageMetaData     at /usr/lib/node_modules/npm/node_modules/graceful-fs/polyfills.js:241:18
127 silly fetchPackageMetaData     at FSReqWrap.oncomplete (fs.js:123:15)
127 silly fetchPackageMetaData  error for express-handlebars@~0.5.0 { Error: No compatible version found: express-handlebars@~0.5.0
127 silly fetchPackageMetaData Valid install targets:
127 silly fetchPackageMetaData 3.0.0, 2.0.1, 2.0.0, 1.2.2, 1.2.1, 1.2.0, 1.1.0, 1.0.3, 1.0.2, 1.0.1, 1.0.0, 1.0.0-rc-2, 1.0.0-rc-1, 0.0.2, 0.0.1
127 silly fetchPackageMetaData
127 silly fetchPackageMetaData     at pickVersionFromRegistryDocument (/usr/lib/node_modules/npm/lib/fetch-package-metadata.js:178:16)
127 silly fetchPackageMetaData     at /usr/lib/node_modules/npm/node_modules/iferr/index.js:13:50
127 silly fetchPackageMetaData     at /usr/lib/node_modules/npm/lib/utils/pulse-till-done.js:20:8
127 silly fetchPackageMetaData     at saved (/usr/lib/node_modules/npm/lib/cache/caching-client.js:174:7)
127 silly fetchPackageMetaData     at /usr/lib/node_modules/npm/node_modules/graceful-fs/polyfills.js:241:18
127 silly fetchPackageMetaData     at FSReqWrap.oncomplete (fs.js:123:15) code: 'ETARGET' }
128 http fetch 200 https://registry.npmjs.org/express/-/express-4.4.5.tgz
129 http fetch 200 https://registry.npmjs.org/chai/-/chai-1.9.2.tgz
130 silly fetchAndShaCheck shasum 5f2f302f277187abd721c3a36e44d86c5e3f03eb
131 verbose addTmpTarball /tmp/npm-16061-12c42acc/registry.npmjs.org/express/-/express-4.4.5.tgz not in flight; adding
132 verbose addTmpTarball already have metadata; skipping unpack for express@4.4.5
133 verbose correctMkdir /root/.npm correctMkdir not in flight; initializing
134 silly cache afterAdd express@4.4.5
135 verbose afterAdd /root/.npm/express/4.4.5/package/package.json not in flight; writing
136 verbose correctMkdir /root/.npm correctMkdir not in flight; initializing
137 verbose afterAdd /root/.npm/express/4.4.5/package/package.json written
138 silly fetchAndShaCheck shasum 3f1a20f82b0b9d7437577d24d6f12b1a69d3b590
139 verbose addTmpTarball /tmp/npm-16061-12c42acc/registry.npmjs.org/chai/-/chai-1.9.2.tgz not in flight; adding
140 verbose addTmpTarball already have metadata; skipping unpack for chai@1.9.2
141 verbose correctMkdir /root/.npm correctMkdir not in flight; initializing
142 silly cache afterAdd chai@1.9.2
143 verbose afterAdd /root/.npm/chai/1.9.2/package/package.json not in flight; writing
144 verbose correctMkdir /root/.npm correctMkdir not in flight; initializing
145 verbose afterAdd /root/.npm/chai/1.9.2/package/package.json written
146 silly rollbackFailedOptional Starting
147 silly rollbackFailedOptional Finishing
148 silly runTopLevelLifecycles Finishing
149 silly install printInstalled
150 verbose stack Error: No compatible version found: express-handlebars@~0.5.0
150 verbose stack Valid install targets:
150 verbose stack 3.0.0, 2.0.1, 2.0.0, 1.2.2, 1.2.1, 1.2.0, 1.1.0, 1.0.3, 1.0.2, 1.0.1, 1.0.0, 1.0.0-rc-2, 1.0.0-rc-1, 0.0.2, 0.0.1
150 verbose stack
150 verbose stack     at pickVersionFromRegistryDocument (/usr/lib/node_modules/npm/lib/fetch-package-metadata.js:178:16)
150 verbose stack     at /usr/lib/node_modules/npm/node_modules/iferr/index.js:13:50
150 verbose stack     at /usr/lib/node_modules/npm/lib/utils/pulse-till-done.js:20:8
150 verbose stack     at saved (/usr/lib/node_modules/npm/lib/cache/caching-client.js:174:7)
150 verbose stack     at /usr/lib/node_modules/npm/node_modules/graceful-fs/polyfills.js:241:18
150 verbose stack     at FSReqWrap.oncomplete (fs.js:123:15)
151 verbose cwd /home/lin/WorkSpace/10web-development-with-node-and-express/ch05
152 error Linux 4.10.0-35-generic
153 error argv "/usr/bin/node" "/usr/bin/npm" "install"
154 error node v6.11.3
155 error npm  v3.10.10
156 error code ETARGET
157 error notarget No compatible version found: express-handlebars@~0.5.0
157 error notarget Valid install targets:
157 error notarget 3.0.0, 2.0.1, 2.0.0, 1.2.2, 1.2.1, 1.2.0, 1.1.0, 1.0.3, 1.0.2, 1.0.1, 1.0.0, 1.0.0-rc-2, 1.0.0-rc-1, 0.0.2, 0.0.1
158 error notarget This is most likely not a problem with npm itself.
158 error notarget In most cases you or one of your dependencies are requesting
158 error notarget a package version that doesn't exist.
158 error notarget
158 error notarget It was specified as a dependency of 'meadowlarktravel'
159 verbose exit [ 1, true ]
